Android Studio/app/build/intermediates/manifest_merge_blame_file/debug/manifest-merger-blame-debug-report.txt
1<?xml version="1.0" encoding="utf-8"?>
2<manifest xmlns:android="http://schemas.android.com/apk/res/android"
3    package="com.example.plastic_waste_management"
4    android:versionCode="1"
5    android:versionName="1.0" >
6
7    <uses-sdk
7-->src\main\AndroidManifest.xml:7:5-9:41
8        android:minSdkVersion="19"
8-->src\main\AndroidManifest.xml:8:9-34
9        android:targetSdkVersion="30" />
9-->src\main\AndroidManifest.xml:9:9-38
10
11    <uses-permission android:name="android.permission.INTERNET" />
11-->src\main\AndroidManifest.xml:11:5-67
11-->src\main\AndroidManifest.xml:11:22-64
12    <uses-permission android:name="android.permission.ACCESS_COARSE_LOCATION" />
12-->src\main\AndroidManifest.xml:12:5-81
12-->src\main\AndroidManifest.xml:12:22-78
13    <uses-permission android:name="android.permission.ACCESS_FINE_LOCATION" />
13-->src\main\AndroidManifest.xml:13:5-79
13-->src\main\AndroidManifest.xml:13:22-76
14    <uses-permission android:name="android.permission.READ_PHONE_STATE" />
14-->src\main\AndroidManifest.xml:14:5-75
14-->src\main\AndroidManifest.xml:14:22-72
15
16    <application
16-->src\main\AndroidManifest.xml:16:5-75:19
17        android:allowBackup="true"
17-->src\main\AndroidManifest.xml:17:9-35
18        android:appComponentFactory="android.support.v4.app.CoreComponentFactory"
18-->[com.android.support:support-compat:28.0.0] AndroidManifest.xml:22:18-91
19        android:debuggable="true"
20        android:icon="@drawable/pla"
20-->src\main\AndroidManifest.xml:18:9-37
21        android:label="@string/app_name"
21-->src\main\AndroidManifest.xml:19:9-41
22        android:requestLegacyExternalStorage="true"
22-->src\main\AndroidManifest.xml:20:9-52
23        android:theme="@style/AppTheme"
23-->src\main\AndroidManifest.xml:21:9-40
24        android:usesCleartextTraffic="true" >
24-->src\main\AndroidManifest.xml:22:9-44
25        <activity
25-->src\main\AndroidManifest.xml:23:9-25:40
26            android:name="com.example.plastic_waste_management.Waste_payment"
26-->src\main\AndroidManifest.xml:24:13-42
27            android:exported="false" />
27-->src\main\AndroidManifest.xml:25:13-37
28        <activity
28-->src\main\AndroidManifest.xml:26:9-28:40
29            android:name="com.example.plastic_waste_management.User_view_my_orders"
29-->src\main\AndroidManifest.xml:27:13-48
30            android:exported="false" />
30-->src\main\AndroidManifest.xml:28:13-37
31        <activity
31-->src\main\AndroidManifest.xml:29:9-31:48
32            android:name="com.example.plastic_waste_management.Login"
32-->src\main\AndroidManifest.xml:30:13-34
33            android:label="@string/app_name" />
33-->src\main\AndroidManifest.xml:31:13-45
34        <activity android:name="com.example.plastic_waste_management.IPsetting" >
34-->src\main\AndroidManifest.xml:32:9-38:20
34-->src\main\AndroidManifest.xml:32:19-44
35            <intent-filter>
35-->src\main\AndroidManifest.xml:33:13-37:29
36                <action android:name="android.intent.action.MAIN" />
36-->src\main\AndroidManifest.xml:34:17-69
36-->src\main\AndroidManifest.xml:34:25-66
37
38                <category android:name="android.intent.category.LAUNCHER" />
38-->src\main\AndroidManifest.xml:36:17-77
38-->src\main\AndroidManifest.xml:36:27-74
39            </intent-filter>
40        </activity>
41        <activity
41-->src\main\AndroidManifest.xml:39:9-41:64
42            android:name="com.example.plastic_waste_management.User_home"
42-->src\main\AndroidManifest.xml:40:13-38
43            android:label="@string/title_activity_user_home" />
43-->src\main\AndroidManifest.xml:41:13-61
44        <activity
44-->src\main\AndroidManifest.xml:42:9-44:65
45            android:name="com.example.plastic_waste_management.Agent_home"
45-->src\main\AndroidManifest.xml:43:13-39
46            android:label="@string/title_activity_agent_home" />
46-->src\main\AndroidManifest.xml:44:13-62
47        <activity
47-->src\main\AndroidManifest.xml:45:9-47:72
48            android:name="com.example.plastic_waste_management.User_registration"
48-->src\main\AndroidManifest.xml:46:13-46
49            android:label="@string/title_activity_user_registration" />
49-->src\main\AndroidManifest.xml:47:13-69
50        <activity
50-->src\main\AndroidManifest.xml:48:9-50:78
51            android:name="com.example.plastic_waste_management.User_collection_request"
51-->src\main\AndroidManifest.xml:49:13-52
52            android:label="@string/title_activity_user_collection_request" />
52-->src\main\AndroidManifest.xml:50:13-75
53        <activity
53-->src\main\AndroidManifest.xml:51:9-53:74
54            android:name="com.example.plastic_waste_management.User_search_product"
54-->src\main\AndroidManifest.xml:52:13-48
55            android:label="@string/title_activity_user_search_product" />
55-->src\main\AndroidManifest.xml:53:13-71
56        <activity
56-->src\main\AndroidManifest.xml:54:9-56:68
57            android:name="com.example.plastic_waste_management.User_purchase"
57-->src\main\AndroidManifest.xml:55:13-42
58            android:label="@string/title_activity_user_purchase" />
58-->src\main\AndroidManifest.xml:56:13-65
59        <activity
59-->src\main\AndroidManifest.xml:57:9-59:68
60            android:name="com.example.plastic_waste_management.User_feedback"
60-->src\main\AndroidManifest.xml:58:13-42
61            android:label="@string/title_activity_user_feedback" />
61-->src\main\AndroidManifest.xml:59:13-65
62
63        <service android:name="com.example.plastic_waste_management.LocationService" />
63-->src\main\AndroidManifest.xml:61:9-52
63-->src\main\AndroidManifest.xml:61:18-49
64
65        <activity
65-->src\main\AndroidManifest.xml:63:9-65:76
66            android:name="com.example.plastic_waste_management.Agent_assigned_routes"
66-->src\main\AndroidManifest.xml:64:13-50
67            android:label="@string/title_activity_agent_assigned_routes" />
67-->src\main\AndroidManifest.xml:65:13-73
68        <activity
68-->src\main\AndroidManifest.xml:66:9-68:71
69            android:name="com.example.plastic_waste_management.Agent_waste_user"
69-->src\main\AndroidManifest.xml:67:13-45
70            android:label="@string/title_activity_agent_waste_user" />
70-->src\main\AndroidManifest.xml:68:13-68
71        <activity
71-->src\main\AndroidManifest.xml:69:9-71:77
72            android:name="com.example.plastic_waste_management.Agent_product_delivery"
72-->src\main\AndroidManifest.xml:70:13-51
73            android:label="@string/title_activity_agent_product_delivery" />
73-->src\main\AndroidManifest.xml:71:13-74
74        <activity
74-->src\main\AndroidManifest.xml:72:9-74:67
75            android:name="com.example.plastic_waste_management.User_payment"
75-->src\main\AndroidManifest.xml:73:13-41
76            android:label="@string/title_activity_user_payment" />
76-->src\main\AndroidManifest.xml:74:13-64
77    </application>
78
79</manifest>